<?xml version="1.0" encoding="UTF-8"?>
<testng-results ignored="0" total="6" passed="6" failed="0" skipped="0">
  <reporter-output>
  </reporter-output>
  <suite started-at="2023-03-10T18:15:09 IST" name="Default suite" finished-at="2023-03-10T18:15:43 IST" duration-ms="33423">
    <groups>
      <group name="cucumber">
        <method signature="AbstractTestNGCucumberTests.runScenario(io.cucumber.testng.PickleWrapper,io.cucumber.testng.FeatureWrapper)[pri:0, instance:com.test.runner.TestRunner@4d15107f]" name="runScenario" class="io.cucumber.testng.AbstractTestNGCucumberTests"/>
      </group> <!-- cucumber -->
    </groups>
    <test started-at="2023-03-10T18:15:09 IST" name="Default test" finished-at="2023-03-10T18:15:43 IST" duration-ms="33423">
      <class name="com.test.runner.TestRunner">
        <test-method is-config="true" signature="setUpClass(org.testng.ITestContext)[pri:0, instance:com.test.runner.TestRunner@4d15107f]" started-at="2023-03-10T18:15:10 IST" name="setUpClass" finished-at="2023-03-10T18:15:11 IST" duration-ms="1251" status="PASS">
          <params>
            <param index="0">
              <value>
                <![CDATA[org.testng.TestRunner@e23af91]]>
              </value>
            </param>
          </params>
          <reporter-output>
          </reporter-output>
        </test-method> <!-- setUpClass -->
        <test-method signature="run()[pri:0, instance:com.test.runner.TestRunner@4d15107f]" started-at="2023-03-10T18:15:11 IST" name="run" finished-at="2023-03-10T18:15:11 IST" duration-ms="8" status="PASS">
          <reporter-output>
          </reporter-output>
        </test-method> <!-- run -->
        <test-method signature="runScenario(io.cucumber.testng.PickleWrapper,io.cucumber.testng.FeatureWrapper)[pri:0, instance:com.test.runner.TestRunner@4d15107f]" started-at="2023-03-10T18:15:11 IST" name="runScenario" description="Runs Cucumber Scenarios" data-provider="scenarios" finished-at="2023-03-10T18:15:19 IST" duration-ms="7714" status="PASS">
          <params>
            <param index="0">
              <value>
                <![CDATA["This is to test create booking request in restful-booker"]]>
              </value>
            </param>
            <param index="1">
              <value>
                <![CDATA["API documentation for restful-booker"]]>
              </value>
            </param>
          </params>
          <reporter-output>
          </reporter-output>
        </test-method> <!-- runScenario -->
        <test-method signature="runScenario(io.cucumber.testng.PickleWrapper,io.cucumber.testng.FeatureWrapper)[pri:0, instance:com.test.runner.TestRunner@4d15107f]" started-at="2023-03-10T18:15:19 IST" name="runScenario" description="Runs Cucumber Scenarios" data-provider="scenarios" finished-at="2023-03-10T18:15:22 IST" duration-ms="3048" status="PASS">
          <params>
            <param index="0">
              <value>
                <![CDATA["This is to test get booking ids request in restful-booker"]]>
              </value>
            </param>
            <param index="1">
              <value>
                <![CDATA["API documentation for restful-booker"]]>
              </value>
            </param>
          </params>
          <reporter-output>
          </reporter-output>
        </test-method> <!-- runScenario -->
        <test-method signature="runScenario(io.cucumber.testng.PickleWrapper,io.cucumber.testng.FeatureWrapper)[pri:0, instance:com.test.runner.TestRunner@4d15107f]" started-at="2023-03-10T18:15:22 IST" name="runScenario" description="Runs Cucumber Scenarios" data-provider="scenarios" finished-at="2023-03-10T18:15:27 IST" duration-ms="5161" status="PASS">
          <params>
            <param index="0">
              <value>
                <![CDATA["This is to test get booking by id request in restful-booker"]]>
              </value>
            </param>
            <param index="1">
              <value>
                <![CDATA["API documentation for restful-booker"]]>
              </value>
            </param>
          </params>
          <reporter-output>
          </reporter-output>
        </test-method> <!-- runScenario -->
        <test-method signature="runScenario(io.cucumber.testng.PickleWrapper,io.cucumber.testng.FeatureWrapper)[pri:0, instance:com.test.runner.TestRunner@4d15107f]" started-at="2023-03-10T18:15:27 IST" name="runScenario" description="Runs Cucumber Scenarios" data-provider="scenarios" finished-at="2023-03-10T18:15:33 IST" duration-ms="5852" status="PASS">
          <params>
            <param index="0">
              <value>
                <![CDATA["This is to test partial update booking request in restful-booker"]]>
              </value>
            </param>
            <param index="1">
              <value>
                <![CDATA["API documentation for restful-booker"]]>
              </value>
            </param>
          </params>
          <reporter-output>
          </reporter-output>
        </test-method> <!-- runScenario -->
        <test-method signature="runScenario(io.cucumber.testng.PickleWrapper,io.cucumber.testng.FeatureWrapper)[pri:0, instance:com.test.runner.TestRunner@4d15107f]" started-at="2023-03-10T18:15:33 IST" name="runScenario" description="Runs Cucumber Scenarios" data-provider="scenarios" finished-at="2023-03-10T18:15:43 IST" duration-ms="10125" status="PASS">
          <params>
            <param index="0">
              <value>
                <![CDATA["This is to test delete booking request in restful-booker"]]>
              </value>
            </param>
            <param index="1">
              <value>
                <![CDATA["API documentation for restful-booker"]]>
              </value>
            </param>
          </params>
          <reporter-output>
          </reporter-output>
        </test-method> <!-- runScenario -->
        <test-method is-config="true" signature="tearDownClass()[pri:0, instance:com.test.runner.TestRunner@4d15107f]" started-at="2023-03-10T18:15:43 IST" name="tearDownClass" finished-at="2023-03-10T18:15:43 IST" duration-ms="87" status="PASS">
          <reporter-output>
          </reporter-output>
        </test-method> <!-- tearDownClass -->
        <test-method is-config="true" signature="cucumberSandwichReportGeneration()[pri:0, instance:com.test.runner.TestRunner@4d15107f]" started-at="2023-03-10T18:15:43 IST" name="cucumberSandwichReportGeneration" finished-at="2023-03-10T18:15:48 IST" duration-ms="5166" status="PASS">
          <reporter-output>
          </reporter-output>
        </test-method> <!-- cucumberSandwichReportGeneration -->
      </class> <!-- com.test.runner.TestRunner -->
    </test> <!-- Default test -->
  </suite> <!-- Default suite -->
</testng-results>
